  stdafx.cpp
  EGeometry2DTypes.cpp
  EInputManager.cpp
  EMatrix2x3.cpp
  EPhysicsWorldBox2D.cpp
  ERigidBodyBox2D.cpp
  ECamera2D.cpp
  SDLDebugRenderer2D.cpp
  SDLFrame.cpp
  gl3w.c
  ETimer_SDL.cpp
  EImmediateUI.cpp
  SDLWindow.cpp
  main.cpp
  App_Sandbox.cpp
  SandboxAgent.cpp
C:\DAE\Second Year\Gameplay Programming 1\GPP1_Framework\source\projects\Movement\Sandbox\SandboxAgent.cpp(52,45): warning C4244: 'argument': conversion from 'double' to 'float', possible loss of data
C:\DAE\Second Year\Gameplay Programming 1\GPP1_Framework\source\projects\Movement\Sandbox\SandboxAgent.cpp(55,28): warning C4244: 'argument': conversion from 'double' to 'float', possible loss of data
  App_CombinedSteering.cpp
  CombinedSteeringBehaviors.cpp
  App_Flocking.cpp
  Flock.cpp
  FlockingSteeringBehaviors.cpp
  Generating Code...
  Compiling...
  Obstacle.cpp
  SteeringAgent.cpp
  App_SteeringBehaviors.cpp
  SteeringBehaviors.cpp
  BaseAgent.cpp
  Generating Code...
  LINK : C:\DAE\Second Year\Gameplay Programming 1\GPP1_Framework\source\..\bin\Debug\GPP_Framework.exe not found or not built by the last incremental link; performing full link
  GPP_Framework.vcxproj -> C:\DAE\Second Year\Gameplay Programming 1\GPP1_Framework\bin\Debug\GPP_Framework.exe
  C:\DAE\Second Year\Gameplay Programming 1\GPP1_Framework\source\..\lib\SDL2.dll
  1 File(s) copied
